This is pdfTeX, Version 3.141592653-2.6-1.40.26 (TeX Live 2024/Homebrew) (preloaded format=pdflatex 2024.3.20)  19 APR 2024 14:02
entering extended mode
 restricted \write18 enabled.
 file:line:error style messages enabled.
 %&-line parsing enabled.
**/Users/selwynang/Desktop/cs2106_cheatsheet/cheatsheet.tex
(/Users/selwynang/Desktop/cs2106_cheatsheet/cheatsheet.tex
LaTeX2e <2023-11-01> patch level 1
L3 programming layer <2024-02-20>
(/opt/homebrew/Cellar/texlive/20240312/share/texmf-dist/tex/latex/base/article.cls
Document Class: article 2023/05/17 v1.4n Standard LaTeX document class
(/opt/homebrew/Cellar/texlive/20240312/share/texmf-dist/tex/latex/base/size10.clo
File: size10.clo 2023/05/17 v1.4n Standard LaTeX file (size option)
)
\c@part=\count188
\c@section=\count189
\c@subsection=\count190
\c@subsubsection=\count191
\c@paragraph=\count192
\c@subparagraph=\count193
\c@figure=\count194
\c@table=\count195
\abovecaptionskip=\skip48
\belowcaptionskip=\skip49
\bibindent=\dimen140
) (/opt/homebrew/Cellar/texlive/20240312/share/texmf-dist/tex/latex/geometry/geometry.sty
Package: geometry 2020/01/02 v5.9 Page Geometry
 (/opt/homebrew/Cellar/texlive/20240312/share/texmf-dist/tex/latex/graphics/keyval.sty
Package: keyval 2022/05/29 v1.15 key=value parser (DPC)
\KV@toks@=\toks17
) (/opt/homebrew/Cellar/texlive/20240312/share/texmf-dist/tex/generic/iftex/ifvtex.sty
Package: ifvtex 2019/10/25 v1.7 ifvtex legacy package. Use iftex instead.
 (/opt/homebrew/Cellar/texlive/20240312/share/texmf-dist/tex/generic/iftex/iftex.sty
Package: iftex 2022/02/03 v1.0f TeX engine tests
))
\Gm@cnth=\count196
\Gm@cntv=\count197
\c@Gm@tempcnt=\count198
\Gm@bindingoffset=\dimen141
\Gm@wd@mp=\dimen142
\Gm@odd@mp=\dimen143
\Gm@even@mp=\dimen144
\Gm@layoutwidth=\dimen145
\Gm@layoutheight=\dimen146
\Gm@layouthoffset=\dimen147
\Gm@layoutvoffset=\dimen148
\Gm@dimlist=\toks18
) (/opt/homebrew/Cellar/texlive/20240312/share/texmf-dist/tex/latex/psnfss/helvet.sty
Package: helvet 2020/03/25 PSNFSS-v9.3 (WaS) 
) (/opt/homebrew/Cellar/texlive/20240312/share/texmf-dist/tex/latex/tools/multicol.sty
Package: multicol 2023/03/30 v1.9f multicolumn formatting (FMi)
\c@tracingmulticols=\count199
\mult@box=\box51
\multicol@leftmargin=\dimen149
\c@unbalance=\count266
\c@collectmore=\count267
\doublecol@number=\count268
\multicoltolerance=\count269
\multicolpretolerance=\count270
\full@width=\dimen150
\page@free=\dimen151
\premulticols=\dimen152
\postmulticols=\dimen153
\multicolsep=\skip50
\multicolbaselineskip=\skip51
\partial@page=\box52
\last@line=\box53
\mc@boxedresult=\box54
\maxbalancingoverflow=\dimen154
\mult@rightbox=\box55
\mult@grightbox=\box56
\mult@firstbox=\box57
\mult@gfirstbox=\box58
\@tempa=\box59
\@tempa=\box60
\@tempa=\box61
\@tempa=\box62
\@tempa=\box63
\@tempa=\box64
\@tempa=\box65
\@tempa=\box66
\@tempa=\box67
\@tempa=\box68
\@tempa=\box69
\@tempa=\box70
\@tempa=\box71
\@tempa=\box72
\@tempa=\box73
\@tempa=\box74
\@tempa=\box75
\@tempa=\box76
\@tempa=\box77
\@tempa=\box78
\@tempa=\box79
\@tempa=\box80
\@tempa=\box81
\@tempa=\box82
\@tempa=\box83
\@tempa=\box84
\@tempa=\box85
\@tempa=\box86
\@tempa=\box87
\@tempa=\box88
\@tempa=\box89
\@tempa=\box90
\@tempa=\box91
\@tempa=\box92
\@tempa=\box93
\@tempa=\box94
\c@minrows=\count271
\c@columnbadness=\count272
\c@finalcolumnbadness=\count273
\last@try=\dimen155
\multicolovershoot=\dimen156
\multicolundershoot=\dimen157
\mult@nat@firstbox=\box95
\colbreak@box=\box96
\mc@col@check@num=\count274
) (/opt/homebrew/Cellar/texlive/20240312/share/texmf-dist/tex/latex/multirow/multirow.sty
Package: multirow 2021/03/15 v2.8 Span multiple rows of a table
\multirow@colwidth=\skip52
\multirow@cntb=\count275
\multirow@dima=\skip53
\bigstrutjot=\dimen158
) (/opt/homebrew/Cellar/texlive/20240312/share/texmf-dist/tex/latex/makecell/makecell.sty
Package: makecell 2009/08/03 V0.1e Managing of Tab Column Heads and Cells
 (/opt/homebrew/Cellar/texlive/20240312/share/texmf-dist/tex/latex/tools/array.sty
Package: array 2023/10/16 v2.5g Tabular extension package (FMi)
\col@sep=\dimen159
\ar@mcellbox=\box97
\extrarowheight=\dimen160
\NC@list=\toks19
\extratabsurround=\skip54
\backup@length=\skip55
\ar@cellbox=\box98
)
\rotheadsize=\dimen161
\c@nlinenum=\count276
\TeXr@lab=\toks20
) (/opt/homebrew/Cellar/texlive/20240312/share/texmf-dist/tex/latex/xcolor/xcolor.sty
Package: xcolor 2023/11/15 v3.01 LaTeX color extensions (UK)
 (/opt/homebrew/Cellar/texlive/20240312/share/texmf-dist/tex/latex/graphics-cfg/color.cfg
File: color.cfg 2016/01/02 v1.6 sample color configuration
)
Package xcolor Info: Driver file: pdftex.def on input line 274.
 (/opt/homebrew/Cellar/texlive/20240312/share/texmf-dist/tex/latex/graphics-def/pdftex.def
File: pdftex.def 2022/09/22 v1.2b Graphics/color driver for pdftex
) (/opt/homebrew/Cellar/texlive/20240312/share/texmf-dist/tex/latex/graphics/mathcolor.ltx)
Package xcolor Info: Model `cmy' substituted by `cmy0' on input line 1350.
Package xcolor Info: Model `hsb' substituted by `rgb' on input line 1354.
Package xcolor Info: Model `RGB' extended on input line 1366.
Package xcolor Info: Model `HTML' substituted by `rgb' on input line 1368.
Package xcolor Info: Model `Hsb' substituted by `hsb' on input line 1369.
Package xcolor Info: Model `tHsb' substituted by `hsb' on input line 1370.
Package xcolor Info: Model `HSB' substituted by `hsb' on input line 1371.
Package xcolor Info: Model `Gray' substituted by `gray' on input line 1372.
Package xcolor Info: Model `wave' substituted by `hsb' on input line 1373.
) (/opt/homebrew/Cellar/texlive/20240312/share/texmf-dist/tex/latex/colortbl/colortbl.sty
Package: colortbl 2024/02/20 v1.0g Color table columns (DPC)
\everycr=\toks21
\minrowclearance=\skip56
\rownum=\count277
) (/opt/homebrew/Cellar/texlive/20240312/share/texmf-dist/tex/latex/enumitem/enumitem.sty
Package: enumitem 2019/06/20 v3.9 Customized lists
\labelindent=\skip57
\enit@outerparindent=\dimen162
\enit@toks=\toks22
\enit@inbox=\box99
\enit@count@id=\count278
\enitdp@description=\count279
) (/opt/homebrew/Cellar/texlive/20240312/share/texmf-dist/tex/latex/amsfonts/amssymb.sty
Package: amssymb 2013/01/14 v3.01 AMS font symbols
 (/opt/homebrew/Cellar/texlive/20240312/share/texmf-dist/tex/latex/amsfonts/amsfonts.sty
Package: amsfonts 2013/01/14 v3.01 Basic AMSFonts support
\@emptytoks=\toks23
\symAMSa=\mathgroup4
\symAMSb=\mathgroup5
LaTeX Font Info:    Redeclaring math symbol \hbar on input line 98.
LaTeX Font Info:    Overwriting math alphabet `\mathfrak' in version `bold'
(Font)                  U/euf/m/n --> U/euf/b/n on input line 106.
)) (/opt/homebrew/Cellar/texlive/20240312/share/texmf-dist/tex/latex/graphics/graphicx.sty
Package: graphicx 2021/09/16 v1.2d Enhanced LaTeX Graphics (DPC,SPQR)
 (/opt/homebrew/Cellar/texlive/20240312/share/texmf-dist/tex/latex/graphics/graphics.sty
Package: graphics 2022/03/10 v1.4e Standard LaTeX Graphics (DPC,SPQR)
 (/opt/homebrew/Cellar/texlive/20240312/share/texmf-dist/tex/latex/graphics/trig.sty
Package: trig 2021/08/11 v1.11 sin cos tan (DPC)
) (/opt/homebrew/Cellar/texlive/20240312/share/texmf-dist/tex/latex/graphics-cfg/graphics.cfg
File: graphics.cfg 2016/06/04 v1.11 sample graphics configuration
)
Package graphics Info: Driver file: pdftex.def on input line 107.
)
\Gin@req@height=\dimen163
\Gin@req@width=\dimen164
) (./commands/style-helpers.tex (/opt/homebrew/Cellar/texlive/20240312/share/texmf-dist/tex/generic/soul/soul.sty
Package: soul 2023-06-14 v3.1 Permit use of UTF-8 characters in soul (HO)
 (/opt/homebrew/Cellar/texlive/20240312/share/texmf-dist/tex/generic/soul/soul-ori.sty
Package: soul-ori 2023-06-14 v3.1 letterspacing/underlining (mf)
\SOUL@word=\toks24
\SOUL@lasttoken=\toks25
\SOUL@syllable=\toks26
\SOUL@cmds=\toks27
\SOUL@buffer=\toks28
\SOUL@token=\toks29
\SOUL@syllgoal=\dimen165
\SOUL@syllwidth=\dimen166
\SOUL@charkern=\dimen167
\SOUL@hyphkern=\dimen168
\SOUL@dimen=\dimen169
\SOUL@dimeni=\dimen170
\SOUL@minus=\count280
\SOUL@comma=\count281
\SOUL@apo=\count282
\SOUL@grave=\count283
\SOUL@spaceskip=\skip58
\SOUL@ttwidth=\dimen171
\SOUL@uldp=\dimen172
\SOUL@ulht=\dimen173
) (/opt/homebrew/Cellar/texlive/20240312/share/texmf-dist/tex/generic/infwarerr/infwarerr.sty
Package: infwarerr 2019/12/03 v1.5 Providing info/warning/error messages (HO)
) (/opt/homebrew/Cellar/texlive/20240312/share/texmf-dist/tex/generic/etexcmds/etexcmds.sty
Package: etexcmds 2019/12/15 v1.7 Avoid name clashes with e-TeX commands (HO)
))) (./commands/code.tex (/opt/homebrew/Cellar/texlive/20240312/share/texmf-dist/tex/latex/listings/listings.sty
\lst@mode=\count284
\lst@gtempboxa=\box100
\lst@token=\toks30
\lst@length=\count285
\lst@currlwidth=\dimen174
\lst@column=\count286
\lst@pos=\count287
\lst@lostspace=\dimen175
\lst@width=\dimen176
\lst@newlines=\count288
\lst@lineno=\count289
\lst@maxwidth=\dimen177
 (/opt/homebrew/Cellar/texlive/20240312/share/texmf-dist/tex/latex/listings/lstpatch.sty
File: lstpatch.sty 2024/02/21 1.10 (Carsten Heinz)
) (/opt/homebrew/Cellar/texlive/20240312/share/texmf-dist/tex/latex/listings/lstmisc.sty
File: lstmisc.sty 2024/02/21 1.10 (Carsten Heinz)
\c@lstnumber=\count290
\lst@skipnumbers=\count291
\lst@framebox=\box101
) (/opt/homebrew/Cellar/texlive/20240312/share/texmf-dist/tex/latex/listings/listings.cfg
File: listings.cfg 2024/02/21 1.10 listings configuration
))
Package: listings 2024/02/21 1.10 (Carsten Heinz)
 (/opt/homebrew/Cellar/texlive/20240312/share/texmf-dist/tex/latex/inconsolata/inconsolata.sty
Package: inconsolata 2019/05/17 v1.12
 `inconsolata-zi4' v1.12, 2019/05/17 Text macros for Inconsolata (msharpe) (/opt/homebrew/Cellar/texlive/20240312/share/texmf-dist/tex/latex/base/textcomp.sty
Package: textcomp 2020/02/02 v2.0n Standard LaTeX package
) (/opt/homebrew/Cellar/texlive/20240312/share/texmf-dist/tex/latex/xkeyval/xkeyval.sty
Package: xkeyval 2022/06/16 v2.9 package option processing (HA)
 (/opt/homebrew/Cellar/texlive/20240312/share/texmf-dist/tex/generic/xkeyval/xkeyval.tex (/opt/homebrew/Cellar/texlive/20240312/share/texmf-dist/tex/generic/xkeyval/xkvutils.tex
\XKV@toks=\toks31
\XKV@tempa@toks=\toks32
)
\XKV@depth=\count292
File: xkeyval.tex 2014/12/03 v2.7a key=value parser (HA)
))
\zifour@ocount=\count293
))
LaTeX Font Info:    Trying to load font information for OT1+phv on input line 77.
 (/opt/homebrew/Cellar/texlive/20240312/share/texmf-dist/tex/latex/psnfss/ot1phv.fd
File: ot1phv.fd 2020/03/25 scalable font definitions for OT1/phv.
)
LaTeX Font Info:    Font shape `OT1/phv/m/n' will be
(Font)              scaled to size 9.19998pt on input line 77.
 (/opt/homebrew/Cellar/texlive/20240312/share/texmf-dist/tex/latex/l3backend/l3backend-pdftex.def
File: l3backend-pdftex.def 2024-02-20 L3 backend support: PDF output (pdfTeX)
\l__color_backend_stack_int=\count294
\l__pdf_internal_box=\box102
) (./cheatsheet.aux)
\openout1 = `cheatsheet.aux'.

LaTeX Font Info:    Checking defaults for OML/cmm/m/it on input line 77.
LaTeX Font Info:    ... okay on input line 77.
LaTeX Font Info:    Checking defaults for OMS/cmsy/m/n on input line 77.
LaTeX Font Info:    ... okay on input line 77.
LaTeX Font Info:    Checking defaults for OT1/cmr/m/n on input line 77.
LaTeX Font Info:    ... okay on input line 77.
LaTeX Font Info:    Checking defaults for T1/cmr/m/n on input line 77.
LaTeX Font Info:    ... okay on input line 77.
LaTeX Font Info:    Checking defaults for TS1/cmr/m/n on input line 77.
LaTeX Font Info:    ... okay on input line 77.
LaTeX Font Info:    Checking defaults for OMX/cmex/m/n on input line 77.
LaTeX Font Info:    ... okay on input line 77.
LaTeX Font Info:    Checking defaults for U/cmr/m/n on input line 77.
LaTeX Font Info:    ... okay on input line 77.

*geometry* driver: auto-detecting
*geometry* detected driver: pdftex
*geometry* verbose mode - [ preamble ] result:
* driver: pdftex
* paper: a4paper
* layout: <same size as paper>
* layoutoffset:(h,v)=(0.0pt,0.0pt)
* modes: landscape 
* h-part:(L,W,R)=(8.53581pt, 827.97522pt, 8.53581pt)
* v-part:(T,H,B)=(8.53581pt, 580.43625pt, 8.53581pt)
* \paperwidth=845.04684pt
* \paperheight=597.50787pt
* \textwidth=827.97522pt
* \textheight=580.43625pt
* \oddsidemargin=-63.73418pt
* \evensidemargin=-63.73418pt
* \topmargin=-100.73418pt
* \headheight=12.0pt
* \headsep=25.0pt
* \topskip=10.0pt
* \footskip=30.0pt
* \marginparwidth=144.0pt
* \marginparsep=11.0pt
* \columnsep=5.69046pt
* \skip\footins=9.0pt plus 4.0pt minus 2.0pt
* \hoffset=0.0pt
* \voffset=0.0pt
* \mag=1000
* \@twocolumnfalse
* \@twosidefalse
* \@mparswitchfalse
* \@reversemarginfalse
* (1in=72.27pt=25.4mm, 1cm=28.453pt)

(/opt/homebrew/Cellar/texlive/20240312/share/texmf-dist/tex/context/base/mkii/supp-pdf.mkii
[Loading MPS to PDF converter (version 2006.09.02).]
\scratchcounter=\count295
\scratchdimen=\dimen178
\scratchbox=\box103
\nofMPsegments=\count296
\nofMParguments=\count297
\everyMPshowfont=\toks33
\MPscratchCnt=\count298
\MPscratchDim=\dimen179
\MPnumerator=\count299
\makeMPintoPDFobject=\count300
\everyMPtoPDFconversion=\toks34
) (/opt/homebrew/Cellar/texlive/20240312/share/texmf-dist/tex/latex/epstopdf-pkg/epstopdf-base.sty
Package: epstopdf-base 2020-01-24 v2.11 Base part for package epstopdf
Package epstopdf-base Info: Redefining graphics rule for `.eps' on input line 485.
 (/opt/homebrew/Cellar/texlive/20240312/share/texmf-dist/tex/latex/latexconfig/epstopdf-sys.cfg
File: epstopdf-sys.cfg 2010/07/13 v1.3 Configuration of (r)epstopdf for TeX Live
))
\c@lstlisting=\count301
 (/opt/homebrew/Cellar/texlive/20240312/share/texmf-dist/tex/latex/upquote/upquote.sty
Package: upquote 2012/04/19 v1.3 upright-quote and grave-accent glyphs in verbatim
)
LaTeX Font Info:    Font shape `OT1/phv/m/n' will be
(Font)              scaled to size 4.59999pt on input line 79.
LaTeX Font Info:    Font shape `OT1/phv/m/n' will be
(Font)              scaled to size 13.24796pt on input line 90.
LaTeX Font Info:    Font shape `OT1/phv/b/n' will be
(Font)              scaled to size 13.24796pt on input line 90.
LaTeX Font Info:    Font shape `OT1/phv/m/n' will be
(Font)              scaled to size 7.35999pt on input line 90.
LaTeX Font Info:    Trying to load font information for U+msa on input line 90.
 (/opt/homebrew/Cellar/texlive/20240312/share/texmf-dist/tex/latex/amsfonts/umsa.fd
File: umsa.fd 2013/01/14 v3.01 AMS symbols A
)
LaTeX Font Info:    Trying to load font information for U+msb on input line 90.
 (/opt/homebrew/Cellar/texlive/20240312/share/texmf-dist/tex/latex/amsfonts/umsb.fd
File: umsb.fd 2013/01/14 v3.01 AMS symbols B
)
LaTeX Font Info:    Font shape `OT1/phv/m/n' will be
(Font)              scaled to size 8.27998pt on input line 93.
LaTeX Font Info:    Font shape `OT1/phv/b/n' will be
(Font)              scaled to size 8.27998pt on input line 93.
LaTeX Font Info:    Font shape `OT1/phv/m/n' will be
(Font)              scaled to size 6.43999pt on input line 94.
LaTeX Font Info:    Font shape `OT1/phv/b/n' will be
(Font)              scaled to size 6.43999pt on input line 94.
LaTeX Font Info:    Trying to load font information for TS1+phv on input line 96.
 (/opt/homebrew/Cellar/texlive/20240312/share/texmf-dist/tex/latex/psnfss/ts1phv.fd
File: ts1phv.fd 2020/03/25 scalable font definitions for TS1/phv.
)
LaTeX Font Info:    Font shape `TS1/phv/m/n' will be
(Font)              scaled to size 4.59999pt on input line 96.
LaTeX Font Info:    Trying to load font information for OT1+zi4 on input line 105.
 (/opt/homebrew/Cellar/texlive/20240312/share/texmf-dist/tex/latex/inconsolata/ot1zi4.fd
File: ot1zi4.fd 2018/01/14 OT1/zi4 (Inconsolata)
)
LaTeX Font Info:    Font shape `OT1/zi4/m/n' will be
(Font)              scaled to size 5.0pt on input line 105.
LaTeX Font Info:    Font shape `OT1/phv/b/n' will be
(Font)              scaled to size 4.59999pt on input line 111.
LaTeX Font Info:    Font shape `OT1/phv/m/n' will be
(Font)              scaled to size 5.51999pt on input line 131.
LaTeX Font Info:    Font shape `OT1/phv/b/n' will be
(Font)              scaled to size 5.51999pt on input line 131.
<./images/1_testandset.png, id=1, 464.73625pt x 230.8625pt>
File: ./images/1_testandset.png Graphic file (type png)
<use ./images/1_testandset.png>
Package pdftex.def Info: ./images/1_testandset.png  used on input line 134.
(pdftex.def)             Requested size: 95.67245pt x 47.52438pt.
<./images/2_attempt1.jpg, id=3, 1284.8pt x 505.89pt>
File: ./images/2_attempt1.jpg Graphic file (type jpg)
<use ./images/2_attempt1.jpg>
Package pdftex.def Info: ./images/2_attempt1.jpg  used on input line 151.
(pdftex.def)             Requested size: 109.68472pt x 43.18147pt.
<./images/3_attempt2.jpg, id=4, 1284.8pt x 514.92375pt>
File: ./images/3_attempt2.jpg Graphic file (type jpg)
<use ./images/3_attempt2.jpg>
Package pdftex.def Info: ./images/3_attempt2.jpg  used on input line 153.
(pdftex.def)             Requested size: 109.68472pt x 43.95258pt.
<./images/4_attempt3.jpg, id=5, 1284.8pt x 387.4475pt>
File: ./images/4_attempt3.jpg Graphic file (type jpg)
<use ./images/4_attempt3.jpg>
Package pdftex.def Info: ./images/4_attempt3.jpg  used on input line 155.
(pdftex.def)             Requested size: 109.68472pt x 33.07152pt.
<./images/5_attempt4.jpg, id=6, 1284.8pt x 456.70625pt>
File: ./images/5_attempt4.jpg Graphic file (type jpg)
<use ./images/5_attempt4.jpg>
Package pdftex.def Info: ./images/5_attempt4.jpg  used on input line 157.
(pdftex.def)             Requested size: 109.68472pt x 38.98328pt.
<./images/6_peterson.png, id=7, 785.93625pt x 414.54875pt>
File: ./images/6_peterson.png Graphic file (type png)
<use ./images/6_peterson.png>
Package pdftex.def Info: ./images/6_peterson.png  used on input line 163.
(pdftex.def)             Requested size: 114.80617pt x 60.55397pt.
<./images/7_semaphore_deadlock.png, id=8, 510.90875pt x 276.03125pt>
File: ./images/7_semaphore_deadlock.png Graphic file (type png)
<use ./images/7_semaphore_deadlock.png>
Package pdftex.def Info: ./images/7_semaphore_deadlock.png  used on input line 205.
(pdftex.def)             Requested size: 95.67245pt x 51.68834pt.
<./images/8_reader_writer_naive.png, id=9, 838.13126pt x 403.5075pt>
File: ./images/8_reader_writer_naive.png Graphic file (type png)
<use ./images/8_reader_writer_naive.png>
Package pdftex.def Info: ./images/8_reader_writer_naive.png  used on input line 222.
(pdftex.def)             Requested size: 127.56328pt x 61.41011pt.
<./images/9_three_sema_slon.png, id=10, 836.12375pt x 387.4475pt>
File: ./images/9_three_sema_slon.png Graphic file (type png)
<use ./images/9_three_sema_slon.png>
Package pdftex.def Info: ./images/9_three_sema_slon.png  used on input line 228.
(pdftex.def)             Requested size: 127.56328pt x 59.10782pt.
LaTeX Font Info:    Trying to load font information for OML+phv on input line 231.
 (/opt/homebrew/Cellar/texlive/20240312/share/texmf-dist/tex/latex/psnfss/omlphv.fd
File: omlphv.fd 
)
LaTeX Font Info:    Font shape `OML/phv/m/n' in size <5> not available
(Font)              Font shape `OML/cmm/m/it' tried instead on input line 231.
<./images/10_writer.png, id=11, 401.5pt x 301.125pt>
File: ./images/10_writer.png Graphic file (type png)
<use ./images/10_writer.png>
Package pdftex.def Info: ./images/10_writer.png  used on input line 244.
(pdftex.def)             Requested size: 57.40308pt x 43.0486pt.
<./images/11_reader.png, id=12, 404.51125pt x 482.80376pt>
File: ./images/11_reader.png Graphic file (type png)
<use ./images/11_reader.png>
Package pdftex.def Info: ./images/11_reader.png  used on input line 245.
(pdftex.def)             Requested size: 63.78163pt x 76.12303pt.
<./images/12_tanenbaum.png, id=13, 357.335pt x 520.94624pt>
File: ./images/12_tanenbaum.png Graphic file (type png)
<use ./images/12_tanenbaum.png>
Package pdftex.def Info: ./images/12_tanenbaum.png  used on input line 262.
(pdftex.def)             Requested size: 60.9364pt x 88.82996pt.
LaTeX Font Info:    Trying to load font information for OMS+phv on input line 264.
 (/opt/homebrew/Cellar/texlive/20240312/share/texmf-dist/tex/latex/psnfss/omsphv.fd
File: omsphv.fd 
)
LaTeX Font Info:    Font shape `OMS/phv/m/n' in size <5> not available
(Font)              Font shape `OMS/cmsy/m/n' tried instead on input line 264.
<./images/13_dynamic_partitioning_list.png, id=14, 434.62375pt x 171.64125pt>
File: ./images/13_dynamic_partitioning_list.png Graphic file (type png)
<use ./images/13_dynamic_partitioning_list.png>
Package pdftex.def Info: ./images/13_dynamic_partitioning_list.png  used on input line 320.
(pdftex.def)             Requested size: 102.05101pt x 40.30164pt.
<./images/14_buddy_system_overview.png, id=15, 536.0025pt x 322.20375pt>
File: ./images/14_buddy_system_overview.png Graphic file (type png)
<use ./images/14_buddy_system_overview.png>
Package pdftex.def Info: ./images/14_buddy_system_overview.png  used on input line 336.
(pdftex.def)             Requested size: 109.68472pt x 65.93419pt.
<./images/15_buddy_system_linked_list.png, id=16, 136.51pt x 62.2325pt>
File: ./images/15_buddy_system_linked_list.png Graphic file (type png)
<use ./images/15_buddy_system_linked_list.png>
Package pdftex.def Info: ./images/15_buddy_system_linked_list.png  used on input line 337.
(pdftex.def)             Requested size: 85.31055pt x 38.8914pt.
<./images/16_buddy_system_layout.png, id=17, 168.63pt x 40.15pt>
File: ./images/16_buddy_system_layout.png Graphic file (type png)
<use ./images/16_buddy_system_layout.png>
Package pdftex.def Info: ./images/16_buddy_system_layout.png  used on input line 338.
(pdftex.def)             Requested size: 73.12437pt x 17.41057pt.
<./images/17_TLB.png, id=18, 553.06625pt x 372.39125pt>
File: ./images/17_TLB.png Graphic file (type png)
<use ./images/17_TLB.png>
Package pdftex.def Info: ./images/17_TLB.png  used on input line 385.
(pdftex.def)             Requested size: 102.05101pt x 68.70946pt.
 [1

{/opt/homebrew/Cellar/texlive/20240312/share/texmf-dist/fonts/map/pdftex/updmap/pdftex.map}{/opt/homebrew/Cellar/texlive/20240312/share/texmf-dist/fonts/enc/dvips/base/8r.enc}{/opt/homebrew/Cellar/texlive/20240312/share/texmf-dist/fonts/enc/dvips/inconsolata/i4-ot1-0.enc} <./images/1_testandset.png> <./images/2_attempt1.jpg> <./images/3_attempt2.jpg> <./images/4_attempt3.jpg> <./images/5_attempt4.jpg> <./images/6_peterson.png> <./images/7_semaphore_deadlock.png> <./images/8_reader_writer_naive.png> <./images/9_three_sema_slon.png> <./images/10_writer.png> <./images/11_reader.png> <./images/12_tanenbaum.png> <./images/13_dynamic_partitioning_list.png> <./images/14_buddy_system_overview.png> <./images/15_buddy_system_linked_list.png> <./images/16_buddy_system_layout.png> <./images/17_TLB.png>]
/Users/selwynang/Desktop/cs2106_cheatsheet/cheatsheet.tex:411: Undefined control sequence.
l.411 ...<SegID, Offset>, SegID used to look up \<
                                                  Base, Limit\> of segment i...
The control sequence at the end of the top line
of your error message was never \def'ed. If you have
misspelled it (e.g., `\hobx'), type `I' and the correct
spelling (e.g., `I\hbox'). Otherwise just continue,
and I'll forget about whatever was undefined.

[2] (./cheatsheet.aux)
 ***********
LaTeX2e <2023-11-01> patch level 1
L3 programming layer <2024-02-20>
 ***********
 ) 
Here is how much of TeX's memory you used:
 6117 strings out of 474116
 99298 string characters out of 5733619
 2033187 words of memory out of 5000000
 28376 multiletter control sequences out of 15000+600000
 575413 words of font info for 62 fonts, out of 8000000 for 9000
 1141 hyphenation exceptions out of 8191
 57i,6n,70p,816b,564s stack positions out of 10000i,1000n,20000p,200000b,200000s
</opt/homebrew/Cellar/texlive/20240312/share/texmf-dist/fonts/type1/public/inconsolata/Inconsolata-zi4r.pfb></opt/homebrew/Cellar/texlive/20240312/share/texmf-dist/fonts/type1/public/amsfonts/cm/cmmi5.pfb></opt/homebrew/Cellar/texlive/20240312/share/texmf-dist/fonts/type1/public/amsfonts/cm/cmsy5.pfb></opt/homebrew/Cellar/texlive/20240312/share/texmf-dist/fonts/type1/urw/helvetic/uhvb8a.pfb></opt/homebrew/Cellar/texlive/20240312/share/texmf-dist/fonts/type1/urw/helvetic/uhvr8a.pfb>
Output written on cheatsheet.pdf (2 pages, 909192 bytes).
PDF statistics:
 69 PDF objects out of 1000 (max. 8388607)
 24 compressed objects within 1 object stream
 0 named destinations out of 1000 (max. 500000)
 86 words of extra memory for PDF output out of 10000 (max. 10000000)

